./_pages/3d-trek-1992.njk : https://cdn.dos.zone/original/2X/c/cdadd9a7d68321006168ed54594211b5b07e3cf4.png
./_pages/3d-trek-1992.njk : https://cdn.dos.zone/original/2X/6/60abf87a572ff4ae96c20d72d640e6badaaf0843.png
./_pages/turbo-blackjack-1985.njk : https://cdn.dos.zone/original/2X/7/7b9aae237c6e282ded699fcf63a5c815a40d1ac.png
./_pages/star-hammer-nov-1994.njk : https://cdn.dos.zone/original/2X/1/14b53c06047d1ccae47fb6f37fafb4ffa2d1b06.png
./_pages/blackjack-sep-27-1984.njk : https://cdn.dos.zone/original/2X/f/ff01356d916c10209e44f057e3baca3b9ea4c5a.png
./_pages/virus-rage-nov-01-1983.njk : https://cdn.dos.zone/original/2X/5/54433bb208e0fd146cfdbf13781f40aef73635d.png
./_pages/aaargh-1988.njk : https://cdn.dos.zone/original/2X/a/ac413ed071c39e166651ab8ceef471973256001b.gif
./_pages/aaargh-1988.njk : https://cdn.dos.zone/original/2X/3/3ab8853cf24598b9fe9e95e022ef39c3b003ea79.png
./_pages/tunneler-1991.njk : https://cdn.dos.zone/original/2X/5/56056fcedb84e33243d0c51435833e07f554298.gif
./_pages/the-chase-on-tom-sawyers-island-1988.njk : https://cdn.dos.zone/original/2X/3/314a089cb35990f3f1aa3e32541c83acab4293e.png
./_pages/av-8b-harrier-assault-1993.njk : https://cdn.dos.zone/original/2X/1/1973976406d90851c61616f56368b994ca79ad7d.png
./_pages/av-8b-harrier-assault-1993.njk : https://cdn.dos.zone/original/2X/3/355483e33d8122df40768afb9cc73863466a900c.png
./_pages/tank2-2000.njk : https://cdn.dos.zone/original/2X/3/3c1ec4a839d1da89d7e5018080aee343e4b3f80.png
./_pages/into-the-sun-projected-distruction-1995.njk : https://cdn.dos.zone/original/2X/2/2157e23a7474d6b2ca12488005e1f57bed7fec2.png
./_pages/astro-grover-1987.njk : https://cdn.dos.zone/original/2X/a/a7b32c0db823d5903f216e5a710db2490a20381b.png
./_pages/astro-grover-1987.njk : https://cdn.dos.zone/original/2X/9/9112527d461c5fc5041dc65d5ddd9104f383c772.png
./_pages/the-aeronautics-quiz-mk-2-1991.njk : https://cdn.dos.zone/original/2X/3/31903d7409e8c50420538eae7d1c201d869af0c6.gif
./_pages/the-aeronautics-quiz-mk-2-1991.njk : https://cdn.dos.zone/original/2X/7/7483a2e8e844b7852a94e0352718d6101294808f.gif
./_pages/the-amazing-spider-man-1990.njk : https://cdn.dos.zone/original/2X/a/a84226637c65c994ae05c9970c584a016273e135.png
./_pages/the-amazing-spider-man-1990.njk : https://cdn.dos.zone/original/2X/4/4ff43dd172dda3e433a383aee7c69aca10067f54.gif
./_pages/dokkaebi-ga-ganda-1995.njk : https://cdn.dos.zone/original/2X/3/35e69ec7eccaf6b43ce4357e0340b1d578c3c6.png
./_pages/2048x2048-sep-15-2016.njk : https://cdn.dos.zone/original/2X/5/5a4b71606fdcf030c166e86f864acfc710ddde9e.png
./_pages/2048x2048-sep-15-2016.njk : https://cdn.dos.zone/original/2X/f/fcb644fddc83198d915911988d6e4cfb9ad0996e.png
./_pages/lumpies-of-lotis-iv-oct-1986.njk : https://cdn.dos.zone/original/2X/f/f2b4754b18b28837438ad06e646f0744ae50f89.png
./_pages/airline-1991.njk : https://cdn.dos.zone/original/2X/8/8ed3c01eb9a367a8aaf3b8bd2702a1e7e06fa04f.png
./_pages/airline-1991.njk : https://cdn.dos.zone/original/2X/4/460f5dcc3c498657e853183982cc9355b104f55e.png
./_pages/shariki-1994.njk : https://cdn.dos.zone/original/2X/f/f7c61b011d1619e5089745d8ada53be81501a38.png
./_pages/hardball-feb-1988.njk : https://cdn.dos.zone/original/2X/6/601a1e6827f2c0cec43ff5eb77d37c6e61c9ecb.gif
./_pages/spectre-1992.njk : https://cdn.dos.zone/original/2X/8/825ccba39a1e1a57fc2943c9dacb8b68de7e677.gif
./_pages/strike-fleet-feb-1989.njk : https://cdn.dos.zone/original/2X/c/cc494aaff80ae6dd9564d62e84740dea037bc6f.gif
./_pages/masque-solitaire-antics-1995.njk : https://cdn.dos.zone/original/2X/4/445719a39bc0a3a78b0bf1cfbd7e72e46ebf762.png
./_pages/batman-forever-1996.njk : https://cdn.dos.zone/original/2X/7/7bf27f09f7b4cb87ca457270a1501390d13d393.png
./_pages/romance-of-the-three-kingdoms-iii-dragon-of-destiny-1993.njk : https://cdn.dos.zone/original/2X/5/59ef5f7537b4d65f83c2abb58c874df14190649.png
./_pages/amaze-1989.njk : https://cdn.dos.zone/original/2X/f/f76a33430a36fbcb1f7a583dce847d93d30775e3.png
./_pages/amaze-1989.njk : https://cdn.dos.zone/original/2X/d/d561db3db43ebc1d3e0ab695912e8025db38f111.png
./_pages/gotcha-may-1993.njk : https://cdn.dos.zone/original/2X/1/157ef62e308a79d5cec24299396514d3ab706b1.png
./_pages/backgammon-1986.njk : https://cdn.dos.zone/original/2X/a/aea5bcd0a1419ad0c3b6e1cfd18510c1c09c9d2a.png
./_pages/backgammon-1986.njk : https://cdn.dos.zone/original/2X/a/a9af447212607f17c16fabc95397f5050305eb90.png
./_pages/robot-junior-oct-1991.njk : https://cdn.dos.zone/original/2X/6/6675d8af0fb3217a16d57479567b8094ad18f56.png
./_pages/the-game-of-life-1992.njk : https://cdn.dos.zone/original/2X/c/cb90495fb166a1b132db024c420c010861e5937.gif
./_pages/the-game-of-life-1992.njk : https://cdn.dos.zone/original/2X/8/8a30536e8de761a733d53ae6034b73f48f74900.gif
./_pages/galaga-94-1994.njk : https://cdn.dos.zone/original/2X/1/14d839d6aebb017189d8d9b1db93fdb0edc605b.png
./_pages/freak-out-1992.njk : https://cdn.dos.zone/original/2X/5/54d4f288b5d7b90d8e01d09ec68f7cb60a09d28.png
./_pages/cyberbykes-shadow-racer-vr-1995.njk : https://cdn.dos.zone/original/2X/1/13a2253a49aded8259a0fa6397471486110f9d.png
./_pages/backgammon-1982.njk : https://cdn.dos.zone/original/2X/7/730482b57de027c995e8e79a4cdd2c66e975d3df.png
./_pages/backgammon-1982.njk : https://cdn.dos.zone/original/2X/e/e0b2f50906148b4f70fa33c420e38d5e447dcf88.png
./_pages/allegrohack-jun-23-2000.njk : https://cdn.dos.zone/original/2X/e/e57386ede04dd8c6528eaeffdc9d0e98af5f8975.png
./_pages/allegrohack-jun-23-2000.njk : https://cdn.dos.zone/original/2X/b/b52be99378ded69c97c409af6630a779e8440311.png
./_pages/arcade-2-1992.njk : https://cdn.dos.zone/original/2X/4/48cea0cccf9bbc43c30788ef686808033825b5e8.png
./_pages/arcade-2-1992.njk : https://cdn.dos.zone/original/2X/a/ac8596b493776c288ca2f055a753774d578412b8.png
./_pages/kart-race-1996.njk : https://cdn.dos.zone/original/2X/4/4bf7e055c475a3ec685f8a862d01b6ea72725ec.png
./_pages/campaign-1992.njk : https://cdn.dos.zone/original/2X/2/265bdeafda2246b7923ab439c70a4c19b865bd5.gif
./_pages/bocus-1989.njk : https://cdn.dos.zone/original/2X/9/9c41d58624868c499c658ba1ea224a092e54aed.png
./_pages/skeet-shoot-apr-1982.njk : https://cdn.dos.zone/original/2X/c/c7ded6ac8c8da8c4131a9f209a8a7cc36b1c860.png
./_pages/action-supercross-feb-1997.njk : https://cdn.dos.zone/original/2X/f/fbdcb54de11d25d1170841e90e583927ff0d612c.png
./_pages/action-supercross-feb-1997.njk : https://cdn.dos.zone/original/2X/3/35acdbe24b9d05e9f2d58403028629fdd53edbc7.png
./_pages/deadline-1984.njk : https://cdn.dos.zone/original/2X/c/cdc659ab030f815d06e6cc87b54f526cef319e9.gif
./_pages/deadline-1984.njk : https://cdn.dos.zone/original/2X/f/ff8b965b5cf957b465723ce170be3f58fcc9561.png
./_pages/axtrons-1989.njk : https://cdn.dos.zone/original/2X/2/2b7f339070534c7c44a0f7b7002660343530a4c3.png
./_pages/axtrons-1989.njk : https://cdn.dos.zone/original/2X/f/f8ebf6a56f4d837e9fb6ffd663d6dd886103f21e.png
./_pages/secret-agent-feb-01-1992.njk : https://cdn.dos.zone/original/2X/6/6c26b4231f8d3ab73938832a5b25970b6edd385.gif
./_pages/crown-1991.njk : https://cdn.dos.zone/original/2X/e/e7c4e9b0a760898190b38a81575f72c52ea5ca9.jpeg
./_pages/dragonsphere-1994.njk : https://cdn.dos.zone/original/2X/e/ee0c10cc3efdefaba3b65204fd44450d0b3bd2b.gif
./_pages/aldo-again-1989.njk : https://cdn.dos.zone/original/2X/9/91813bba69a03d7a0c891d9aba9fdc710b44a6e1.png
./_pages/aldo-again-1989.njk : https://cdn.dos.zone/original/2X/1/14e7da321460991c21b411b3fb4da4d21e10504e.png
./_pages/archery-1985.njk : https://cdn.dos.zone/original/2X/8/862e812e59a09fc1534e662c3cdcb12e0ddc7be6.png
./_pages/archery-1985.njk : https://cdn.dos.zone/original/2X/9/9424efe483acb832f1ea8c6f668bfc3499fe02f6.png
./_pages/amazing-1993.njk : https://cdn.dos.zone/original/2X/e/e2f4261817e3687b351a1759826927135768f29e.png
./_pages/amazing-1993.njk : https://cdn.dos.zone/original/2X/d/d9a1a2b2a415d9baaee636496c3dc0873f4ca86b.png
./_pages/the-ford-simulator-1987.njk : https://cdn.dos.zone/original/2X/d/d8fd5bd98c58e48a564d858a295dbfab149c64c.png
./_pages/rush-hour-sep-1987.njk : https://cdn.dos.zone/original/2X/d/d08dd71e742337ab26c4d0e01da1429af75e145.png
./_pages/hacker-feb-1986.njk : https://cdn.dos.zone/original/2X/a/ab7242ad3a170a74bad34b1f139ec4003e787a5.gif
./_pages/the-hitchhikers-guide-to-the-galaxy-oct-1984.njk : https://cdn.dos.zone/original/2X/6/6e894cac8c819495598b718c4369d42c7723885.png
./_pages/boulder-dash-1996.njk : https://cdn.dos.zone/original/2X/2/20da006eee09a80ab3019d08a254fe71940683c.png
./_pages/solitaire-1986.njk : https://cdn.dos.zone/original/2X/6/6ea7f11a14cbcab429c3e6c9508e3b85155953c.png
./_pages/amarillo-slims-7-card-stud-1992.njk : https://cdn.dos.zone/original/2X/e/eafd9cd374ec61343e4ad21c37b1431179e148eb.png
./_pages/amarillo-slims-7-card-stud-1992.njk : https://cdn.dos.zone/original/2X/e/ef13c125174b3c6cac930bc27b1cbcfb2efab902.png
./_pages/darts-1991.njk : https://cdn.dos.zone/original/2X/5/50d827251276ec4b124a6a261eede03e916e6e7.gif
./_pages/airstrike-nov-01-1995.njk : https://cdn.dos.zone/original/2X/c/c955c1eeee78a41afc53f15deebc0a3199731445.png
./_pages/airstrike-nov-01-1995.njk : https://cdn.dos.zone/original/2X/e/e6eee398006789f799baa97b717282cdc1bcb040.png
./_pages/abc-talk-1993.njk : https://cdn.dos.zone/original/2X/4/42b2286a1003fc10beecbad85644cf33aef41c27.png
./_pages/abc-talk-1993.njk : https://cdn.dos.zone/original/2X/1/1eca7286dcb2d4b73a3b881d8a4ee8401a1583b7.png
./_pages/ultima-underworld-the-stygian-abyss-1992.njk : https://cdn.dos.zone/original/2X/b/b1b4762ad0d22c3d1cf1bcf1596dc3ff6b4957.png
./_pages/day-of-the-pharaoh-1989.njk : https://cdn.dos.zone/original/2X/9/935e4f97290494ff563cb85c19b340dc1301e3d.png
./_pages/nerm-of-bemer-apr-1984.njk : https://cdn.dos.zone/original/2X/7/72742951ebea604be4cfa2129803ecdc44fba1e.png
./_pages/dig-dogs-streetbusters-1994.njk : https://cdn.dos.zone/original/2X/7/79537cb2d6b737cd9f309b9bd14721d4aff7539.png
./_pages/dig-dogs-streetbusters-1994.njk : https://cdn.dos.zone/original/2X/7/7262870ff53d733ec4fc8149ee5b435528f0e8d.png
./_pages/blackjack-1983.njk : https://cdn.dos.zone/original/2X/7/7c2b64617cb777ea5b8ea36318a05ad39dc6c09.png
./_pages/the-gold-of-the-aztecs-1991.njk : https://cdn.dos.zone/original/2X/f/ffdc13f7d8d53c371b0308e5de1d9b2ce7ee922.png
./_pages/bagasaurus-1988.njk : https://cdn.dos.zone/original/2X/b/bde4bfa14184a23e9083ceb3eabb1e86e418df55.png
./_pages/bagasaurus-1988.njk : https://cdn.dos.zone/original/2X/f/f320997dd556fa689ac3a67430f80fe69379cebb.png
./_pages/amarillo-slims-real-poker-5-card-stud-1989.njk : https://cdn.dos.zone/original/2X/6/6143ee4cca35cde4b2d994694228c952adcf831c.png
./_pages/amarillo-slims-real-poker-5-card-stud-1989.njk : https://cdn.dos.zone/original/2X/1/16e37ae0c192079b29a5ae32f9d0019aeb084cf7.png
./_pages/word-ladders-apr-1991.njk : https://cdn.dos.zone/original/2X/b/b0909e995b5d4c7a049d817caa0123697e55021.png
./_pages/james-bond-007-a-view-to-a-kill-oct-1985.njk : https://cdn.dos.zone/original/2X/9/982ae768437a17f63b0d089b3b6f1f5edf4c250.png
./_pages/animated-multiplication-and-division-1993.njk : https://cdn.dos.zone/original/2X/8/8682ea1bbcd04148b903eebcd410a1a6f4e13da6.png
./_pages/animated-multiplication-and-division-1993.njk : https://cdn.dos.zone/original/2X/3/3045209e504ab34674b6b5c72c6bc5bb030c82f2.png
./_pages/a-nightmare-on-elm-street-1989.njk : https://cdn.dos.zone/original/2X/c/cd5cbd3cd52ceb1e5301897764d51ceb2b350da7.jpeg
./_pages/a-nightmare-on-elm-street-1989.njk : https://cdn.dos.zone/original/2X/b/b7790068553645287c7fb146c9a2a6dd766c5bb8.jpeg
./_pages/lemmings-oh-no-more-lemmings-1992.njk : https://cdn.dos.zone/original/2X/1/1e0fdfb7cfc32d74a21eeeb9ee017f31906b540.png
./_pages/the-crimson-crown-jan-1986.njk : https://cdn.dos.zone/original/2X/1/151ab5a2a6ef321771e8d1943da555478f26dea.png
./_pages/armorik-the-viking-the-eight-conquests-1988.njk : https://cdn.dos.zone/original/2X/7/7e8facdbb15d791b62f8ecc069885da4a1d50f5e.png
./_pages/armorik-the-viking-the-eight-conquests-1988.njk : https://cdn.dos.zone/original/2X/9/98b2cff758a0b996223128c378ca07ff8a28d9e8.png
./_pages/a-clues-solution-jul-1993.njk : https://cdn.dos.zone/original/2X/a/a9eb7694f99dac5e95d6a4c21ee4251423e0b0da.png
./_pages/a-clues-solution-jul-1993.njk : https://cdn.dos.zone/original/2X/6/6c5a2682f12b8196755fbf2fcf1cfa8a633b4128.png
./_pages/3d-xmas-adventure-santas-rescue-nov-1996.njk : https://cdn.dos.zone/original/2X/4/4b973e966e28a5629bb59dc8496c9c66fe0048a6.png
./_pages/3d-xmas-adventure-santas-rescue-nov-1996.njk : https://cdn.dos.zone/original/2X/e/e8df00d745bdbf593af24ae97ac9b6d1bdb1300f.png
./_pages/chess-housers-nov-22-1990.njk : https://cdn.dos.zone/original/2X/6/61200c424be2e4da303e680fb87aab8a63c4654.jpeg
./_pages/avoid-the-noid-1989.njk : https://cdn.dos.zone/original/2X/a/a016e1ae5490182371ba019f0ab3946ac2ae1f0e.png
./_pages/avoid-the-noid-1989.njk : https://cdn.dos.zone/original/2X/2/29403d663691f780d8dcdbcf1104890020bfb4d5.gif
./_pages/avenger-1997.njk : https://cdn.dos.zone/original/2X/e/e1139929b41cc92dde199e9d5f6874010f598cc6.png
./_pages/avenger-1997.njk : https://cdn.dos.zone/original/2X/1/15608dbdbf8d8fcd640d23dd232ce551f41cce5a.png
./_pages/ack-ack-attack-1995.njk : https://cdn.dos.zone/original/2X/9/961524482f271177be6bc9c5416d15f67911b8f5.png
./_pages/ack-ack-attack-1995.njk : https://cdn.dos.zone/original/2X/1/1ec187067b73e51c7b84b04d3c8e8da65cbfa1e3.png
./_pages/the-game-of-harmony-1990.njk : https://cdn.dos.zone/original/2X/9/949249c604bf1fbef01f1cd96a7abc2b63ff400.gif
./_pages/1993-dec-1992.njk : https://cdn.dos.zone/original/2X/5/52626b342a56d41d8e7ae4daa0c826d115af3c23.png
./_pages/1993-dec-1992.njk : https://cdn.dos.zone/original/2X/2/28db97892e3c299f9d0cfd919052f0559d168542.png
./_pages/legacy-of-the-necromancer-part-iii-the-dark-tower-1989.njk : https://cdn.dos.zone/original/2X/b/b46b5896528a07d61f99acc34c5778cf0e92ceb.png
./_pages/flight-action-1996.njk : https://cdn.dos.zone/original/2X/7/795e7f7a51a051de3b9e90b698ac472411c1b90.png
./_pages/a-fable-nov-1985.njk : https://cdn.dos.zone/original/2X/d/d0580b114f67fcdaaedab64d58ab11043e19de58.png
./_pages/a-fable-nov-1985.njk : https://cdn.dos.zone/original/2X/7/77c15ca99f351ba41ed98634d834a6dbc484521a.png
./_pages/add-it-1992.njk : https://cdn.dos.zone/original/2X/d/db5804ed9caf724d693b600492e08ffec44ecbfe.gif
./_pages/add-it-1992.njk : https://cdn.dos.zone/original/2X/a/a83df164f78080d2b84b459ed166ee718b5cdcef.gif
./_pages/air-traffic-control-1988.njk : https://cdn.dos.zone/original/2X/b/b7272461a69ad62c8687b23ee5f954df3074b6ed.png
./_pages/air-traffic-control-1988.njk : https://cdn.dos.zone/original/2X/3/372cda0eefb8404feb40396d97d0e83e7332f06d.png
./_pages/ant-attack-1994.njk : https://cdn.dos.zone/original/2X/b/b9c782074c4c0e38ecb735ffc026f2a098d6fd98.png
./_pages/ant-attack-1994.njk : https://cdn.dos.zone/original/2X/f/fbf7ef9e1d603aab5ae6351146ad23b8740b9b74.png
./_pages/space-ace-ii-borfs-revenge-1991.njk : https://cdn.dos.zone/original/2X/9/96fd4a8ecf2ffa87ba12fe3e5effb73e5f348fa.png
./_pages/power-putt-1992.njk : https://cdn.dos.zone/original/2X/a/a663d0373146bba8baa98aaba0b5d50877536d0.jpeg
./_pages/alien-cabal-1997.njk : https://cdn.dos.zone/original/2X/2/2ee9ef758fe73a3fa9db5e2f0065ff25504a3ea9.png
./_pages/alien-cabal-1997.njk : https://cdn.dos.zone/original/2X/5/5279d6488c49ad96e30848784588cff64f565021.png
./_pages/the-carl-lewis-challenge-1992.njk : https://cdn.dos.zone/original/2X/d/df4401d3f6932c933a5f5f529d14d904bc832b9.png
./_pages/argh-jan-29-1989.njk : https://cdn.dos.zone/original/2X/a/a7cd7701f101fc1ba32715e5118acc2efc945864.png
./_pages/argh-jan-29-1989.njk : https://cdn.dos.zone/original/2X/f/f5763b274df782e9e9c554c605c8558440faf556.png
./_pages/the-amazing-spider-man-and-captain-america-in-dr-dooms-revenge-may-1989.njk : https://cdn.dos.zone/original/2X/2/2109eab4eacd2d0aa92ab5923d395d420fe5f194.gif
./_pages/the-amazing-spider-man-and-captain-america-in-dr-dooms-revenge-may-1989.njk : https://cdn.dos.zone/original/2X/8/86fae013277fc0cc55ac49d4e0aab5af647bd25.png
./_pages/snake-battle-1992.njk : https://cdn.dos.zone/original/2X/3/31ee96053ebd4943b423d4603d4ec1e7cb8c118.png
./_pages/freddy-pharkas-frontier-pharmacist-1993.njk : https://cdn.dos.zone/original/2X/f/fa0788d4f4bdc5241eaff8b23f6d0940bd728d1.png
./_pages/emilio-butragueno-futbol-1987.njk : https://cdn.dos.zone/original/2X/7/77d9a04db6ab536d1c3424679206cf0b38825af.png
./_pages/drak-1995.njk : https://cdn.dos.zone/original/2X/c/cc7d83ffc494a164bc1b6407c098c67ce6d3efc.png
./_pages/super-trix-1993.njk : https://cdn.dos.zone/original/2X/4/4ce7246675a60aed4f8317771807dd7f2d36c16.png
./_pages/pc-futbol-5-0-1996.njk : https://cdn.dos.zone/original/2X/1/112c137a71751b839d26574d7b2fd50ededf149.png
./_pages/front-page-sports-football-1992.njk : https://cdn.dos.zone/original/2X/b/b31849909b96d90ca0fe895cfaf7632635615d0.gif
./_pages/front-page-sports-football-1992.njk : https://cdn.dos.zone/original/2X/f/fa324bfc356743323626e75ef01ddacd7a0c8b4.gif
./_pages/frazzle-jul-12-1990.njk : https://cdn.dos.zone/original/2X/5/55de055f1b81ae2e7b7ffd9e5fd1552d5815898.png
./_pages/frazzle-jul-12-1990.njk : https://cdn.dos.zone/original/2X/a/aed2dad562fe8bb43ee9762bc6a23ce1356b79a.png
./_pages/the-hitchhikers-guide-to-the-galaxy-trivia-challenge-jun-1990.njk : https://cdn.dos.zone/original/2X/a/a4ba64fa91396f8a03f3b258abfcd5e4438e422.png
./_pages/air-force-commander-1992.njk : https://cdn.dos.zone/original/2X/a/acab92dd7b01a7ade107317091664d941705226c.gif
./_pages/air-force-commander-1992.njk : https://cdn.dos.zone/original/2X/3/32f8ef172b5eb26bf428875b5f1a2bcb24e34112.gif
./_pages/aliens-1989.njk : https://cdn.dos.zone/original/2X/2/283636177841d673429c52632072b34700835e61.png
./_pages/aliens-1989.njk : https://cdn.dos.zone/original/2X/2/25f548c37c9b38e80d2f2b14d894bb81b28c94bd.png
./_pages/zone-66-1993.njk : https://cdn.dos.zone/original/2X/4/45ade3afe9aa5d5752fc10cd27b8eaa4ae1357f.gif
./_pages/ontarget-1992.njk : https://cdn.dos.zone/original/2X/8/8afbc90b4f9d02d3c7712a9b8b9ee35d6afeab4.png
./_pages/club-backgammon-1988.njk : https://cdn.dos.zone/original/2X/e/e23e69aa4735f47c1803d6a8c15f48e97e207b8.png
./_pages/angst-a-game-of-urban-survival-1992.njk : https://cdn.dos.zone/original/2X/e/e4d65b24d0c1e46d8b4ddbb845dc28bb527fe1f0.png
./_pages/angst-a-game-of-urban-survival-1992.njk : https://cdn.dos.zone/original/2X/5/57fd5745e25f3b2dcd1d67b5bbda56884e58b7e1.png
./_pages/a-matter-of-time-1995.njk : https://cdn.dos.zone/original/2X/8/810029915a1dec3a19ead1c0304d273f7b31d3fa.png
./_pages/a-matter-of-time-1995.njk : https://cdn.dos.zone/original/2X/4/4c3dde2722d6e74405fbd513c8abdb018ed3c583.png
./_pages/antic-aug-22-1991.njk : https://cdn.dos.zone/original/2X/c/cddd0ef51915917da483c4eb6f8935932c5c8b1.png
./_pages/antic-aug-22-1991.njk : https://cdn.dos.zone/original/2X/2/2839c9927fd79893f4c2fce6e3e3cdf0c9d5f534.png
./_pages/agi-tetris-2004.njk : https://cdn.dos.zone/original/2X/d/d9d729aa38876d34e7a46c67685b0d2f548e8440.png
./_pages/agi-tetris-2004.njk : https://cdn.dos.zone/original/2X/5/5771eb6cb249d25edfda651663565d0fe7eae02d.png
./_pages/bit-bat-1982.njk : https://cdn.dos.zone/original/2X/f/fddd023a1a8520b674af6698167ecb459230b6b.png
./_pages/brutal-sports-football-1993.njk : https://cdn.dos.zone/original/2X/6/644b2005180b58a97349cfeb62717cf993e959f.jpeg
./_pages/tommys-airshark-1986.njk : https://cdn.dos.zone/original/2X/5/5f3d2b03c204c9e9ee06aa77666e98364c474cd.png
./_pages/birds-of-prey-1992.njk : https://cdn.dos.zone/original/2X/a/a38ed0229399fd416e0ac4d76ece079abc593e7.gif
./_pages/ocean-ranger-jun-1989.njk : https://cdn.dos.zone/original/2X/6/666c36d36bcfa02a76ae4ee48b3aece2b12cc42.gif
./_pages/ocean-ranger-jun-1989.njk : https://cdn.dos.zone/original/2X/1/1e34a6b8254e7b781e8e7ed5e9519a699899455.gif
./_pages/the-adventures-of-lance-1990.njk : https://cdn.dos.zone/original/2X/1/189f0a1da8612c861e8241ee10f47cfcf6722b39.png
./_pages/the-adventures-of-lance-1990.njk : https://cdn.dos.zone/original/2X/8/82de8f0ae8b6d9216b2f9dae9dc085143f87298f.png
./_pages/rome-pathway-to-power-1993.njk : https://cdn.dos.zone/original/2X/b/b41c4ae44f721c837c2455bc3226749fefd7fc1.png
./_pages/tron-light-cycles-feb-26-1983.njk : https://cdn.dos.zone/original/2X/7/70f05fb63fcb202dee389fed0952735419edb83.png
./_pages/the-backyard-1993.njk : https://cdn.dos.zone/original/2X/4/4e106a0f171b397ca36d66262e76ec12d19d2352.gif
./_pages/the-backyard-1993.njk : https://cdn.dos.zone/original/2X/b/bada5e50922ddb59084aa15fda1bdf16eb31d813.gif
./_pages/the-astronomy-quiz-dec-1988.njk : https://cdn.dos.zone/original/2X/1/19743df1940b21109c6e9e4ca6798cd01cea2258.png
./_pages/the-astronomy-quiz-dec-1988.njk : https://cdn.dos.zone/original/2X/5/582221f51b2d6501985ec220289e6c2871638aa.png
./_pages/advanced-destroyer-simulator-1990.njk : https://cdn.dos.zone/original/2X/f/f13ee1245f746d4a16b6a36574eaaba9c359aa5b.png
./_pages/advanced-destroyer-simulator-1990.njk : https://cdn.dos.zone/original/2X/f/ffe18bc1371f9915fdd1dab69249184a1ba5b799.png
./_pages/aces-high-the-true-air-duel-simulator-1996.njk : https://cdn.dos.zone/original/2X/e/e677f4f5b3c7f470bd20b739f3838be60bae17c6.png
./_pages/aces-high-the-true-air-duel-simulator-1996.njk : https://cdn.dos.zone/original/2X/8/8d50035c8ae13b99446650fdf4734a1a3e9b0f9d.png
./_pages/comanche-cd-1994.njk : https://cdn.dos.zone/original/2X/f/f29a5f6ea047cc081db07598b2098b1bc608eaa.png
./_pages/baal-1989.njk : https://cdn.dos.zone/original/2X/e/e4e9c022e5cc4ee2b0a600750c07b231ada5abaa.png
./_pages/baal-1989.njk : https://cdn.dos.zone/original/2X/6/627f6042dbc24b58d4f15e7c58bca225b6b0dab9.gif
./_pages/3-d-dinosaur-adventure-1993.njk : https://cdn.dos.zone/original/2X/a/ab2f4cc3ef8f5ca468b1064b46c65ea144d497.png
./_pages/3-d-dinosaur-adventure-1993.njk : https://cdn.dos.zone/original/2X/f/fda1ae4bf7827a925843c56beb30660f2ff61b71.png
./_pages/advantage-tennis-1991.njk : https://cdn.dos.zone/original/2X/5/5390e07b8cce4656033f1e6aca6fb1462bb51e20.png
./_pages/advantage-tennis-1991.njk : https://cdn.dos.zone/original/2X/e/e774860d4665258257ebffb9d6af26dcc977aa4c.png
./_pages/press-your-luck-1988.njk : https://cdn.dos.zone/original/2X/2/286c686c5ea1bbe230c457bb75b47e4eaf34704.png
./_pages/press-your-luck-1988.njk : https://cdn.dos.zone/original/2X/5/5357ee1df353b42ca7e648ac1e78bd59c0a058f.png
./_pages/rooster-jul-30-1995.njk : https://cdn.dos.zone/original/2X/b/b13bcd82dc0c836cc901abb1717aa323abc4f9.png
./_pages/dots-1992.njk : https://cdn.dos.zone/original/2X/5/5912638f2d1c8ee35692e0023c68a76310b4c4c.png
./_pages/a-10-tank-killer-dec-1989.njk : https://cdn.dos.zone/original/2X/3/3d5ef220aac56793c5e42a691c8f0e4cf1f971e2.png
./_pages/a-10-tank-killer-dec-1989.njk : https://cdn.dos.zone/original/2X/6/653ce9e16483db09d212b02c2fba4f449d2127d0.png
./_pages/general-trivia-1992.njk : https://cdn.dos.zone/original/2X/7/732add5326dceb04d2caf54eea748c9d80a9447.png
./_pages/asylum-ii-1985.njk : https://cdn.dos.zone/original/2X/e/e8cb532142dc53338af0ceb94baf17318010b564.png
./_pages/asylum-ii-1985.njk : https://cdn.dos.zone/original/2X/7/7665a855b01e3da20ac3cfc8bacb974bf5458457.png
./_pages/kings-bounty-1990.njk : https://cdn.dos.zone/original/2X/c/c5e1026f80d8a876156944618afee77c071f7fa.png
./_pages/ant-attack-pc-dec-24-2000.njk : https://cdn.dos.zone/original/2X/6/6cb780d5d3c7dcdf0349bf73081c60b76cecb341.png
./_pages/ant-attack-pc-dec-24-2000.njk : https://cdn.dos.zone/original/2X/8/8e8f9395154cd20f0a278d43b5f9e4d1ceac4224.png
./_pages/ario-bros-1983.njk : https://cdn.dos.zone/original/2X/9/9dbc6f63aa087d535bc5916a5d094256ca285868.png
./_pages/ario-bros-1983.njk : https://cdn.dos.zone/original/2X/7/77e6fb62cf4f9de9cd70d248cbed041aea66b44b.png
./_pages/micro-oft-simulator-1994.njk : https://cdn.dos.zone/original/2X/5/5e3915c4225a2f2bd281fa8282596b14c0ff9da.png
./_pages/amazing-maze-1983.njk : https://cdn.dos.zone/original/2X/b/b1ade40ebf9a0af44c0f2cf51069e05106d8aba1.png
./_pages/amazing-maze-1983.njk : https://cdn.dos.zone/original/2X/a/ab42200b6fdcd5243920cde3914decd0f42b7406.png
./_pages/automon-1990.njk : https://cdn.dos.zone/original/2X/a/a77616695a7cb43d07689592086a2ba690dd68f0.png
./_pages/automon-1990.njk : https://cdn.dos.zone/original/2X/c/c3d3cfd11f4336921c8c3c9f85bb15efe155ac6c.png
./_pages/isle-wars-1991.njk : https://cdn.dos.zone/original/2X/6/65c375501c59129ecf2f52e9cde9f2dccde76b6.png
./_pages/wizard-of-ids-wiztype-1984.njk : https://cdn.dos.zone/original/2X/3/33c11e954ea18da8405e5c001116ad84fefd93e.png
./_pages/al-qadim-the-genies-curse-1994.njk : https://cdn.dos.zone/original/2X/f/f81bd02b782b1322f518bcc25380d95a69ce006d.gif
./_pages/al-qadim-the-genies-curse-1994.njk : https://cdn.dos.zone/original/2X/c/c8810424ba7439f9957d5a275be533a48007e686.gif
./_pages/gravity-wars-apr-23-1989.njk : https://cdn.dos.zone/original/2X/4/4465dff5c03bd8dfac4791bcaaa6c0f0dfe2663.png
./_pages/fox-ranger-1992.njk : https://cdn.dos.zone/original/2X/8/8eb9b0c796dddc5a1978b82ddc2250ac00f1760.png
./_pages/pc-monopoly-1989.njk : https://cdn.dos.zone/original/2X/b/b088f8c8f0589eed46371b14dc1621d4dce9537.png
./_pages/these-united-states-sep-27-1984.njk : https://cdn.dos.zone/original/2X/8/8c5c835a89a5e4801d8ae9099411a5fa1612e3c.png
./_pages/math-blaster-1983.njk : https://cdn.dos.zone/original/2X/2/22c3d87315bb23526d95dfa69499b12e8eee11c.png
./_pages/bob-morane-chevalerie-1-1987.njk : https://cdn.dos.zone/original/2X/c/ccf6f79e44501560f3d79518b8d06322b391f4.png
./_pages/crime-lab-case-of-the-missing-masterpiece-1987.njk : https://cdn.dos.zone/original/2X/f/f71b2f28be5f3b488949e3bdc343bc0b2ba1f13.png
./_pages/the-100-000-pyramid-1988.njk : https://cdn.dos.zone/original/2X/6/645ee8bde8c0462b29345bfb712505b182347628.png
./_pages/the-100-000-pyramid-1988.njk : https://cdn.dos.zone/original/2X/6/6b933c840a0a701f7870c9a7c46060fc05f427d3.png
./_pages/a-line-in-the-sand-1992.njk : https://cdn.dos.zone/original/2X/7/735bfb976ca7ba705e05835076ba0d74d02c40e6.gif
./_pages/a-line-in-the-sand-1992.njk : https://cdn.dos.zone/original/2X/d/d73644fde455321139ecec916efde21e48f0a1c.gif
./_pages/giant-killer-1987.njk : https://cdn.dos.zone/original/2X/7/7acf55253cd457138eaac40ece7e65632be0cde.png
./_pages/air-strike-1998.njk : https://cdn.dos.zone/original/2X/f/fbc3763d80aeff86c179aa1c97ef4509181ee175.png
./_pages/air-strike-1998.njk : https://cdn.dos.zone/original/2X/5/55e8dd65b3bdc7c5131bf7d3c156245cdcd1e450.png
./_pages/arthur-yahtzee-the-curse-of-hells-cheesecake-2000.njk : https://cdn.dos.zone/original/2X/a/aa83d4acc5d41a10a65d43601d2dcad982cb0b50.png
./_pages/arthur-yahtzee-the-curse-of-hells-cheesecake-2000.njk : https://cdn.dos.zone/original/2X/7/7fc969b4f9ada21e763f11c7befc17a2a0045bce.png
./_pages/sleuth-1983.njk : https://cdn.dos.zone/original/2X/5/50a70fb038571cd5b7a4da442506c7113693f19.png
./_pages/sleuth-1983.njk : https://cdn.dos.zone/original/2X/5/50e9fd036858bce5472f9fa5760b7d75e724347.png
./_pages/trump-castle-ii-1991.njk : https://cdn.dos.zone/original/2X/9/92ba04494cd7a77567cc35bfd2f527b1e3b1b09.gif
./_pages/onslaught-1990.njk : https://cdn.dos.zone/original/2X/9/931beb2db7f1934bd615e4a4855503ea495aca7.png
./_pages/arithmetic-games-set-1-1981.njk : https://cdn.dos.zone/original/2X/5/5bc34b9563550b33cc8f347044ce14d15af200e1.png
./_pages/arithmetic-games-set-1-1981.njk : https://cdn.dos.zone/original/2X/a/afa04cc0c1a0cc9ce3c6910d174781a026d0d7d7.png
./_pages/adventure-math-1992.njk : https://cdn.dos.zone/original/2X/d/df4637a0af8d934e5e12813d8a06804ba06ea346.png
./_pages/adventure-math-1992.njk : https://cdn.dos.zone/original/2X/3/3d09f2b82045fdb94ca7c81893b15a6d76502ca7.png
./_pages/balloons-1994.njk : https://cdn.dos.zone/original/2X/e/e24164f3772792347ad009f0347a8ff38b0f88d.png
./_pages/the-last-warrior-sep-1985.njk : https://cdn.dos.zone/original/2X/a/af5d720e29c1a3caa35ffb696270462f5ac111d.png
./_pages/silly-knight-oct-01-2017.njk : https://cdn.dos.zone/original/2X/7/79f556a63fbc105cf3c04493e1d67e47c35f6e8.png
./_pages/cleanup-1989.njk : https://cdn.dos.zone/original/2X/e/ebfe6216487f59516cc52bbe8037c5aabec63fb.png
./_pages/1994pool-1994.njk : https://cdn.dos.zone/original/2X/4/422788277d3e1d331c947dae197632dc5d84ddd5.png
./_pages/1994pool-1994.njk : https://cdn.dos.zone/original/2X/8/8fe1c94c4216ddafbaacbd393f5bfeaccdad5326.png
./_pages/adventure-dec-1987.njk : https://cdn.dos.zone/original/2X/8/891f26d563a4a8a67fa740251b6f992782e60f4e.png
./_pages/adventure-dec-1987.njk : https://cdn.dos.zone/original/2X/b/b251a2cdcaa3b2f531fd219ba1783c77e9c7ceac.png
./_pages/poko-memorial-18-hole-miniature-golf-1987.njk : https://cdn.dos.zone/original/2X/2/256348dbe99311a1e99835f244569a2811cec8e.png
./_pages/amoba-sep-18-2011.njk : https://cdn.dos.zone/original/2X/b/b60a19d524c281ea792d0e630f5868bd17add1aa.png
./_pages/amoba-sep-18-2011.njk : https://cdn.dos.zone/original/2X/7/7df605116ee7e8fea1dfd4d508c16c676a8184e.png
./_pages/demineur-mar-1995.njk : https://cdn.dos.zone/original/2X/9/94c449b3bfaa64ae66558d72238739ed43fb688.png
./_pages/emilio-sanchez-vicario-grand-slam-1989.njk : https://cdn.dos.zone/original/2X/f/f9c1eebdfb0d2ad1ee4e0f3cc60ccf61aa15318.png
./_pages/bust-a-move-1997.njk : https://cdn.dos.zone/original/2X/b/b2d9f19649a4631d984e81455ca418c7c5f0784.png
./_pages/the-aethra-chronicles-volume-one-celystras-bane-1994.njk : https://cdn.dos.zone/original/2X/2/2698107d92c9faa2b6f6aad18c6b282bd5147db3.png
./_pages/the-aethra-chronicles-volume-one-celystras-bane-1994.njk : https://cdn.dos.zone/original/2X/8/878ffd8d6f83227deb4a76344514a8a31072f1e2.png
./_pages/tic-tac-toe-1982.njk : https://cdn.dos.zone/original/2X/2/21addcb3bbadb3c11524fb225095352422b52eb.png
./_pages/hole-in-one-miniature-golf-1989.njk : https://cdn.dos.zone/original/2X/9/94298cc50a93bf5423d5e2da4833aa9ecfe94ca.png
./_pages/dr-ruths-computer-game-of-good-sex-oct-1986.njk : https://cdn.dos.zone/original/2X/f/f845862a3ecd305d4666ae64c0a4b26dddd7b79.png
./_pages/armada-1992.njk : https://cdn.dos.zone/original/2X/4/44d522fc98a4f240d7e645c70a70638a6cd939a1.png
./_pages/armada-1992.njk : https://cdn.dos.zone/original/2X/9/963047da3aa4d34dd5bc0f5488b7fddc4e735a23.png
./_pages/the-amazing-adventures-of-ansi-dude-1995.njk : https://cdn.dos.zone/original/2X/4/465449431e832f93bb9f4287f59694b23bd32633.png
./_pages/the-amazing-adventures-of-ansi-dude-1995.njk : https://cdn.dos.zone/original/2X/f/f5764fb9b4a6e9d91c64067246176be4539d64e5.png
./_pages/lettrix-1990.njk : https://cdn.dos.zone/original/2X/9/9fb55d85e9453c563f43320cd1461d91cbe9b95.png
./_pages/the-adventures-of-captain-comic-may-01-1988.njk : https://cdn.dos.zone/original/2X/d/d0ac4ef2786c7628b4ef1daf8a0a16933e5e3945.gif
./_pages/the-adventures-of-captain-comic-may-01-1988.njk : https://cdn.dos.zone/original/2X/2/2610dc506bf4e1b37be088a7a4a5ae5879a12db4.gif
./_pages/alien-attack-1993.njk : https://cdn.dos.zone/original/2X/2/278bf60796a9a806a1dcd0db86ac08ede035202.png
./_pages/alien-attack-1993.njk : https://cdn.dos.zone/original/2X/e/ea9020610fbd3877c2614cd0899f0fd8d26a32c4.png
./_pages/123-talk-1993.njk : https://cdn.dos.zone/original/2X/5/5f95e2fc1269f2b087066891ac4ea4c62add7cdc.png
./_pages/123-talk-1993.njk : https://cdn.dos.zone/original/2X/d/dc44e0d923673f8fc26852f3868b2f9917948eb1.png
./_pages/the-a-team-1989.njk : https://cdn.dos.zone/original/2X/4/470e1148b42539def9c849059a1f6f9bdc5060ce.gif
./_pages/the-a-team-1989.njk : https://cdn.dos.zone/original/2X/5/54d7e99bdfdad97ed24a770cd8d67c183e5c1237.gif
./_pages/arnold-palmer-tournament-golf-1990.njk : https://cdn.dos.zone/original/2X/8/80caf8cd6b52d243b3f7f396a50e66731494b776.png
./_pages/arnold-palmer-tournament-golf-1990.njk : https://cdn.dos.zone/original/2X/e/ed94d838791d2dbf20a833a72482f326b57f170.png
./_pages/tommys-crosswords-1986.njk : https://cdn.dos.zone/original/2X/1/159a98300366553ff714fb12fa1fc6178b83739.png
./_pages/outfox-1989.njk : https://cdn.dos.zone/original/2X/b/b41a1ced17a8456f4e13a2e087efdba12ea9af5.png
./_pages/a-quick-run-around-the-house-a-sample-adventure-jun-13-1995.njk : https://cdn.dos.zone/original/2X/8/882ae95adf33f3b59aa64ac637015510d92d5e4.png
./_pages/a-quick-run-around-the-house-a-sample-adventure-jun-13-1995.njk : https://cdn.dos.zone/original/2X/a/ae85bda1d9024c3b785c021ebc33252997a10713.png
./_pages/robot-ii-das-labyrinth-im-wald-apr-1990.njk : https://cdn.dos.zone/original/2X/3/3949a132658c4c08355757191179c6518aa72ea.png
./_pages/arrakis-mar-23-2000.njk : https://cdn.dos.zone/original/2X/d/da753bd70c2f2db13fa1deb3a0c526814dc8d4ef.png
./_pages/arrakis-mar-23-2000.njk : https://cdn.dos.zone/original/2X/8/8a675d9a366d485f2a73f7201bdb721fe164beb.png
./_pages/tdms-tractor-pull-nationals-jan-04-1995.njk : https://cdn.dos.zone/original/2X/4/4d0e66b8ba4b039614ff76612b8c837688a98e5.png
./_pages/tommys-nyet-1989.njk : https://cdn.dos.zone/original/2X/3/3415d11baaf9705e92b7f614a68ebb3aaa736d0.png
./_pages/arka-oct-18-1993.njk : https://cdn.dos.zone/original/2X/6/615d5c9f52ce3f4aa2d8f248ea7166896bb9caae.png
./_pages/arka-oct-18-1993.njk : https://cdn.dos.zone/original/2X/f/ffe3d45eb135e0d873640ff53db0a09dcc742a29.png
./_pages/disk-crash-1985.njk : https://cdn.dos.zone/original/2X/a/ab74330adfef2b73d4d41cc91e38e4a5c11a208.png
./_pages/rise-of-the-robots-1994.njk : https://cdn.dos.zone/original/2X/c/c84ed621f745b0901fdf89f1e5ed51557361826.png
./_pages/a-journey-into-xanth-1993.njk : https://cdn.dos.zone/original/2X/6/659770a63eb2f0e82b0f38ab6b4a46bdfde53ef4.png
./_pages/a-journey-into-xanth-1993.njk : https://cdn.dos.zone/original/2X/8/8bfdada7ee65862f0930d916151796a3ee489e52.png
./_pages/bridge-master-1992.njk : https://cdn.dos.zone/original/2X/7/79b3826d3f9f951eaa1c49e9d2913d5cdade4f0.jpeg
./_pages/9-hole-miniature-golf-apr-1983.njk : https://cdn.dos.zone/original/2X/4/4947e302f094b9475b8d99e4414b083100bdf233.png
./_pages/9-hole-miniature-golf-apr-1983.njk : https://cdn.dos.zone/original/2X/6/67d75f5afa8bddfda7b37f26edb23690db932a21.png
./_pages/the-amulet-1983.njk : https://cdn.dos.zone/original/2X/b/bcd58ce1251fdca516f8a6a16a7cbcecefbad622.png
./_pages/the-amulet-1983.njk : https://cdn.dos.zone/original/2X/1/15dc9a37420172f15346bae08407e7478c1305bd.png
./_pages/coaster-1993.njk : https://cdn.dos.zone/original/2X/9/91922e524b1274c32b75f924cc74c5868868d91.jpeg
./_pages/wraith-blaster-oct-28-1993.njk : https://cdn.dos.zone/original/2X/9/9cf79dd351f39faed8ba05f6196afb120016630.png
./_pages/the-enigma-of-ashrella-jul-30-1995.njk : https://cdn.dos.zone/original/2X/c/ca9b58414beade7c707a157ec9d5adc38db9f84.png
./_pages/ack-man-1989.njk : https://cdn.dos.zone/original/2X/a/a58bc882b3d7d306c801b0b6d5a48d01544177a2.png
./_pages/ack-man-1989.njk : https://cdn.dos.zone/original/2X/9/98cfacd63860fc6d5f9ae62e0f6dac74693bdb44.png
./_pages/the-blues-brothers-jukebox-adventure-1993.njk : https://cdn.dos.zone/original/2X/6/67ee65aa8ca973be325d57e1ae636fc74e57556.gif
./_pages/from-corner-to-corner-1993.njk : https://cdn.dos.zone/original/2X/2/2796f93d2171b146d91308b6a8b566545c0d7be.png
./_pages/4k-adventure-oct-31-1998.njk : https://cdn.dos.zone/original/2X/7/7460bbb0a61ddb489be81be9a64e2abb26562f08.png
./_pages/4k-adventure-oct-31-1998.njk : https://cdn.dos.zone/original/2X/e/e05df2be004001a2b943ea925abb6eeb216f0804.png
./_pages/acrostix-1993.njk : https://cdn.dos.zone/original/2X/5/51ee4b1bbb705fc0f6f1aea5e48cf2eae491e14e.png
./_pages/acrostix-1993.njk : https://cdn.dos.zone/original/2X/f/fa82b42f2c04023d70574486f04752610f16f2f.png
./_pages/apachacha-dec-1993.njk : https://cdn.dos.zone/original/2X/3/34f85ddfdd55d30e5121c19be3853b838069f61f.png
./_pages/apachacha-dec-1993.njk : https://cdn.dos.zone/original/2X/e/e1fecde41373e85103c1faf95c91723bc6c9a8c0.png
./_pages/notyet-1996.njk : https://cdn.dos.zone/original/2X/9/944bb127a157f885a3c9ab3b6abda3309ac87.png
./_pages/argonaut-1992.njk : https://cdn.dos.zone/original/2X/e/edece45d235dc72034815ae4874f59825e6aaaa9.png
./_pages/argonaut-1992.njk : https://cdn.dos.zone/original/2X/7/76afe7f46ce151148d6065edbadc7f425ae408d5.png
./_pages/aquanoid-1992.njk : https://cdn.dos.zone/original/2X/a/a515ca7b35939de2a2a29d8288dffe9948842b9b.gif
./_pages/aquanoid-1992.njk : https://cdn.dos.zone/original/2X/4/479d48689decb5e3e67e600034c1c160c3f87b46.gif
./_pages/formula-1-turbo-apr-14-1995.njk : https://cdn.dos.zone/original/2X/f/f41e77762450abaab7381426a9a1e233ff765e7.png
./_pages/sorry-ass-aug-17-2016.njk : https://cdn.dos.zone/original/2X/f/f1102498d91b8353a24ada4a2d44a11c73f961f.png
./_pages/annals-of-rome-dec-1988.njk : https://cdn.dos.zone/original/2X/2/2632d6cfd216a94cd9059105faa519f4e57d3f49.png
./_pages/annals-of-rome-dec-1988.njk : https://cdn.dos.zone/original/2X/4/4512f80afdcebd35a5a6140a03486da4f86931a6.png
./_pages/tommys-chicken-1986.njk : https://cdn.dos.zone/original/2X/b/b147e98819a3d7d81863c7dcdcad927ea4d2c72.png
./_pages/advance-to-boardwalk-1990.njk : https://cdn.dos.zone/original/2X/7/7fafb083554236bead5e4d5933a216373a52a5c7.png
./_pages/advance-to-boardwalk-1990.njk : https://cdn.dos.zone/original/2X/c/cf91a17c32489ee26aad7c0e16a61cf74d5b0987.png
./_pages/tetris-classic-1992.njk : https://cdn.dos.zone/original/2X/2/212ec8fd105d979af6beb6f9ea0ed104f4dd1c.png
./_pages/john-chenaults-snake-1984.njk : https://cdn.dos.zone/original/2X/3/34add3c8743dd563d7ae33f0316bf1ee376befd.png
./_pages/deer-napped-1995.njk : https://cdn.dos.zone/original/2X/f/f27ad65ea739a219be9637f6eabe9170d81de8c.gif
./_pages/states-and-capitals-jan-1983.njk : https://cdn.dos.zone/original/2X/5/51d204d46574f1e6385acdb8c300d14eb23cf65.png
./_pages/avoid-the-awful-thing-that-vaguely-resembles-a-banana-1987.njk : https://cdn.dos.zone/original/2X/e/e7fc72fafce2aa0227b83dd1341dbe8b8ee14747.png
./_pages/avoid-the-awful-thing-that-vaguely-resembles-a-banana-1987.njk : https://cdn.dos.zone/original/2X/e/e926d4543618c337c3c779f9d77e2c26ed54ef76.png
./_pages/calamari-cubes-oct-14-1997.njk : https://cdn.dos.zone/original/2X/a/a80b718c7bd667a49d36c11114e1eb91a7d8d13.jpeg
./_pages/alchemyst-1992.njk : https://cdn.dos.zone/original/2X/f/f5bd2eab156608e7d68d24c808f50042c247c250.png
./_pages/alchemyst-1992.njk : https://cdn.dos.zone/original/2X/1/10f0e564323ef1acf1f2596c73dd2d95575a7ff4.png
./_pages/scramble-sep-1990.njk : https://cdn.dos.zone/original/2X/9/94ae63b65f1d58a796e4016f88c30fc49879372.png
./_pages/pc-fender-1989.njk : https://cdn.dos.zone/original/2X/8/803df66e6a0dd9affd2ec7aa05109f771a17d4d.jpeg
./_pages/pyramid-solitaire-nov-1991.njk : https://cdn.dos.zone/original/2X/7/7a3e00f6d9831248d2a6902382b45d56f4dfc7c.png
./_pages/babytype-1994.njk : https://cdn.dos.zone/original/2X/a/a8e4f5413b7943871f1c606d062584745eeac3d5.png
./_pages/babytype-1994.njk : https://cdn.dos.zone/original/2X/5/5bae6746ca54ad57d2bcc6ff428420832ed207c8.png
./_pages/borgwar-apr-01-1992.njk : https://cdn.dos.zone/original/2X/f/f85869eb0c0ac723260b5b62669844431dae8d9.jpeg
./_pages/atomic-tetris-apr-19-1991.njk : https://cdn.dos.zone/original/2X/d/da86e026cdbb70c0ab7c3175c8b472a81afdd4a4.png
./_pages/atomic-tetris-apr-19-1991.njk : https://cdn.dos.zone/original/2X/9/94a41317382cc13d512c3dd6cbb5131031b9f0a4.png
./_pages/airborne-ranger-nov-1988.njk : https://cdn.dos.zone/original/2X/f/f0a6b9ad5d0c9774a3bf0fa1161df2b41a27bb1a.png
./_pages/airborne-ranger-nov-1988.njk : https://cdn.dos.zone/original/2X/3/39b0539e1bc7a417c9d7c5d8cd65972f7aa284bf.png
./_pages/ultima-underworld-ii-labyrinth-of-worlds-jan-1993.njk : https://cdn.dos.zone/original/2X/7/7deebe377c69783b4a6ef488727428037285993.gif
./_pages/greedy-apr-26-1996.njk : https://cdn.dos.zone/original/2X/3/321359a3fa697284115a1b35a5874a4977c2a6a.png
./_pages/a-train-1992.njk : https://cdn.dos.zone/original/2X/1/12761a2295731ea624fc8cd3e643d5f43e325298.gif
./_pages/a-train-1992.njk : https://cdn.dos.zone/original/2X/9/9231fb2db69f4bb46565dd507a10e4ecac36b2e8.png
./_pages/advanced-thinking-skills-1992.njk : https://cdn.dos.zone/original/2X/8/8de358c85aaaa900b541dbf278f0c49ea9cd3f9b.png
./_pages/advanced-thinking-skills-1992.njk : https://cdn.dos.zone/original/2X/3/3694900494db2882628f6ea71c83a264d0925082.png
./_pages/archipelagos-1989.njk : https://cdn.dos.zone/original/2X/e/e57a224a6c8579ae13104d0f11ff84bc9286ea8.gif
./_pages/archipelagos-1989.njk : https://cdn.dos.zone/original/2X/5/5871edf7217cdc6aadaa57955c11f78daa09dde7.gif
./_pages/h-tron-dec-23-2016.njk : https://cdn.dos.zone/original/2X/d/d4a446d199cee22c8214a60c46d51fa12062728.png
./_pages/tetrolis-1993.njk : https://cdn.dos.zone/original/2X/4/46bf1204d2246ab5928cc1ae5b7f0725a9e297f.png
./_pages/the-sentry-1989.njk : https://cdn.dos.zone/original/2X/b/bca6927b2e1a2d9919f59bbddc36026d45c97ba.png
./_pages/amberstar-1992.njk : https://cdn.dos.zone/original/2X/e/ea3add9b0aa82fffb4213e745164ddbcde70ffae.png
./_pages/amberstar-1992.njk : https://cdn.dos.zone/original/2X/4/4ea27b693b30a87c80cada56b35f620f76959a8d.png
./_pages/catcher-1994.njk : https://cdn.dos.zone/original/2X/6/6b4b29fd41d6c541ae20ddeba680fa659391e4b.png
./_pages/kick-off-2-1990.njk : https://cdn.dos.zone/original/2X/a/aa36339df7a2fcb2ca736f60f5fe645a9ebb286.png
./_pages/the-magic-candle-iii-1992.njk : https://cdn.dos.zone/original/2X/9/92ecb04d72635b31fd35abb3332a59890f604c4.png
./_pages/world-cup-90-1990.njk : https://cdn.dos.zone/original/2X/7/7d11da3982d759a3aa925e4c765250a2a7eb631.png
./_pages/world-cup-90-1990.njk : https://cdn.dos.zone/original/2X/d/d3d6bd28d64606c77b19719835f1fdff3f2c778.png
./_pages/the-asian-challenge-1989.njk : https://cdn.dos.zone/original/2X/9/9d786b3b0c38ddaed7c0e88d73748c5dd2c4d41.png
./_pages/the-asian-challenge-1989.njk : https://cdn.dos.zone/original/2X/2/2a548f3b54c42eb50dbacb56b335a0e0709153d6.png
./_pages/animac-1991.njk : https://cdn.dos.zone/original/2X/e/e01e17d5637980e623ac3dc232db43852c7dc00.png
./_pages/animac-1991.njk : https://cdn.dos.zone/original/2X/4/4d6c1d9bcd3a650ce6b291df6c070fb0d1a9fd3c.png
./_pages/world-war-ii-battles-of-the-south-pacific-1993.njk : https://cdn.dos.zone/original/2X/c/c4b1ad6dcbdab339cc02211edc4a27ad86b9d68.png
./_pages/pac-2000-1996.njk : https://cdn.dos.zone/original/2X/6/627f5a7e341ca575b564ec79ebbb69567ca89ac.png
./_pages/lada-the-ultimate-challenge-1996.njk : https://cdn.dos.zone/original/2X/f/fe27b6a1171db38da816b6c0b7f634334eae121.png
./_pages/mystery-master-felony-jun-1985.njk : https://cdn.dos.zone/original/2X/e/e9e705360578fc666ff0bbaf0d88a08506b1bbf.gif
./_pages/backlash-a-turret-gunner-simulation-1995.njk : https://cdn.dos.zone/original/2X/7/799dcb603287e9d5e9aeb73e3600cebdcb9120b9.png
./_pages/backlash-a-turret-gunner-simulation-1995.njk : https://cdn.dos.zone/original/2X/2/283dc1053f2a9d61ec01edf73b0d2e8b9048079a.png
./_pages/frigate-jan-1988.njk : https://cdn.dos.zone/original/2X/7/77b1c31a395e570801f35e354e0822192d1a420.png
./_pages/compaq-dos-included-games-jan-24-1983.njk : https://cdn.dos.zone/original/2X/2/2c278b90801ab32b0a4100fe0bc77658da16b2d.png
./_pages/crystal-caves-oct-23-1991.njk : https://cdn.dos.zone/original/2X/9/9881b7a6bbedf56dbcbd22663764743ec224ac8.png
./_pages/piece-of-cake-1984.njk : https://cdn.dos.zone/original/2X/3/3c6d00846350951a3fab7708b9699e4078feb6b.png
./_pages/fiendish-freddys-big-top-o-fun-sep-1989.njk : https://cdn.dos.zone/original/2X/4/457a8782a0f69f9e714ec395a3be708daa7f957.png
./_pages/navjet-1990.njk : https://cdn.dos.zone/original/2X/a/a0d74adf8fe9d1cf3333a1f7ef12c4e868386b5.png
./_pages/backgammon-1991.njk : https://cdn.dos.zone/original/2X/c/c63f3514c78474500d10a57e2dcb9a8d440eedab.png
./_pages/backgammon-1991.njk : https://cdn.dos.zone/original/2X/e/e8505da0404c53d83a194c8ba1e405ced1475052.png
./_pages/hard-drivin-1990.njk : https://cdn.dos.zone/original/2X/6/649e66315636ad489e2f8bdb47cf80ef15d4f1f.gif
./_pages/wall-pipe-1993.njk : https://cdn.dos.zone/original/2X/f/f6a40de28bc1302ba0d2d0a7f002171cbdbbb26.png
./_pages/animated-memory-game-1991.njk : https://cdn.dos.zone/original/2X/b/bf09e797e273c44eb3a2c38fe86e28c463c63674.png
./_pages/animated-memory-game-1991.njk : https://cdn.dos.zone/original/2X/f/f2dcbda5bbd53f56a348eb07ff6774dcb0ff8f65.png
./_pages/abductor-1996.njk : https://cdn.dos.zone/original/2X/3/3ff4cc6c190339166ba851a7c892a58ab75d9122.png
./_pages/abductor-1996.njk : https://cdn.dos.zone/original/2X/2/22ba1b738158af54c94f481a2e2e54b65a2426fe.png
./_pages/around-the-world-trivia-1992.njk : https://cdn.dos.zone/original/2X/b/b2395ab074b20226c9b84bc0c5c0cc02d6e44ae7.jpeg
./_pages/around-the-world-trivia-1992.njk : https://cdn.dos.zone/original/2X/b/bb47ab96404c2ea76113b23114edc076aabf3c34.jpeg
./_pages/the-endless-night-1993.njk : https://cdn.dos.zone/original/2X/4/4cbe656ae1b9c87d56b1b267c19b98fb967e94b.png
./_pages/weekend-survival-jun-13-1995.njk : https://cdn.dos.zone/original/2X/9/916ecce8ff98af9b835431cd440e05cc9d3a977.png
./_pages/21-1982.njk : https://cdn.dos.zone/original/2X/7/769c677ca612e874ce0f7dbe4f40a2fc95bed3f0.png
./_pages/21-1982.njk : https://cdn.dos.zone/original/2X/d/d6752814fa00ccb9bac5cee243fd05404919a4f7.png
./_pages/american-sign-language-tutor-may-1991.njk : https://cdn.dos.zone/original/2X/c/c861fcc041b2f2307fb3ac2f88737f335aa0587b.png
./_pages/american-sign-language-tutor-may-1991.njk : https://cdn.dos.zone/original/2X/a/a018e96b3efe6c8128141be245ba991d73f4e899.png
./_pages/dos-quadraz-1996.njk : https://cdn.dos.zone/original/2X/1/1516258d82dde463fd955eef5bcecd8ac383f3c.png
./_pages/alter-ego-feb-1986.njk : https://cdn.dos.zone/original/2X/f/f8cd219414021a722466372fe55d05101b4c8686.gif
./_pages/alter-ego-feb-1986.njk : https://cdn.dos.zone/original/2X/4/47de435bbd6eb2bd56631a14febfb74fe3cba28a.png
./_pages/3d-pinball-1992.njk : https://cdn.dos.zone/original/2X/7/70ff2008436e3db9b03592199f759f267a7d4d47.png
./_pages/3d-pinball-1992.njk : https://cdn.dos.zone/original/2X/6/644a371f11c4b2abc5b264626b42b61e54dfefd3.png
./_pages/air-puck-mar-25-1992.njk : https://cdn.dos.zone/original/2X/f/fc4bf32ad3b6c7c50e1e0ffbdab8cf85c481377e.png
./_pages/air-puck-mar-25-1992.njk : https://cdn.dos.zone/original/2X/4/4ea5d344f87fc4549cec9e2e661b4c38a3e6f840.png
./_pages/aliens-1996.njk : https://cdn.dos.zone/original/2X/6/6b06cc5e2a56ca766852bda6ea2fc14e0d44e2a8.png
./_pages/aliens-1996.njk : https://cdn.dos.zone/original/2X/8/8b95a4a7f03d58d96bed473dae9ca59f0da1b80d.png
./_pages/1998-amerika-1987.njk : https://cdn.dos.zone/original/2X/b/b51541600abf0132b80adaedec49806070d8937.png
./_pages/1998-amerika-1987.njk : https://cdn.dos.zone/original/2X/d/d0251734938d7529d22efbf7d706007c275d388a.png
./_pages/connectris-1996.njk : https://cdn.dos.zone/original/2X/4/401747ea9108df19d670532d2eb3f77527befd0.png
./_pages/mel-odius-goes-six-string-searchin-1992.njk : https://cdn.dos.zone/original/2X/e/e607c5cabc0bdd8d092a57ac6d2aa95e0e76e81.png
./_pages/bajoran-mercenary-adventure-1993.njk : https://cdn.dos.zone/original/2X/f/fbeca0b3778a0126e9ec004df8c83e1d69d84874.png
./_pages/firezone-dec-1988.njk : https://cdn.dos.zone/original/2X/4/485f6e122b49c65ba32cfe313a24b6acfe1f7d8.png
./_pages/spell-it-plus-1989.njk : https://cdn.dos.zone/original/2X/e/e4828604edab82c0bd29fcc8390592af4dc0bc6.png
./_pages/asteroid-pilot-1982.njk : https://cdn.dos.zone/original/2X/5/5534cc9823d6e2ae0e70043ea9a1308d9b04c892.png
./_pages/asteroid-pilot-1982.njk : https://cdn.dos.zone/original/2X/1/11c94fc851e71f8790491056ffd4ca4aa2caa222.png
./_pages/nethack-plus-jun-1994.njk : https://cdn.dos.zone/original/2X/c/cdc553b1cdd3e37d94097c89010a0307baae743.png
./_pages/nethack-plus-jun-1994.njk : https://cdn.dos.zone/original/2X/a/a07fdaadbbd083160d20c836eed6379962f5c13.png
./_pages/the-adventures-of-sherlock-holmes-sep-15-1990.njk : https://cdn.dos.zone/original/2X/3/3892f4a3388e4c92884b02e2f7b0ea148e9bfc5c.png
./_pages/the-adventures-of-sherlock-holmes-sep-15-1990.njk : https://cdn.dos.zone/original/2X/d/d3a6d5d40a0868c36f03a1f9e505c4a69ba7523f.png
./_pages/alpine-tram-ride-1989.njk : https://cdn.dos.zone/original/2X/c/c4d3f40744dcc8d9c50b37211009e5f612e0802f.png
./_pages/alpine-tram-ride-1989.njk : https://cdn.dos.zone/original/2X/1/1e157e6cedc9b5c2e94e8c469f8816622a32f17e.png
./_pages/bananatron-1989.njk : https://cdn.dos.zone/original/2X/3/3ffb17db5f5f85270905409a3bdfbbc65595fa6.png
./_pages/toi-acid-game-1989.njk : https://cdn.dos.zone/original/2X/7/785531aff2101ba95546a6b52a88438108c7c14.png
./_pages/backgammon-1985.njk : https://cdn.dos.zone/original/2X/6/61ee7351d043308037aec9c57881bb55ba9491eb.png
./_pages/backgammon-1985.njk : https://cdn.dos.zone/original/2X/d/d82ae994f8972cfac934ece06bede5c1de528239.png
./_pages/dare-devil-1984.njk : https://cdn.dos.zone/original/2X/9/958a6437d33fa727ceb6a40c8088aff72893304.png
./_pages/blue-angel-69-1989.njk : https://cdn.dos.zone/original/2X/b/bb6ef61ccfc57a2eeab69fc6ebb79cbbdbb453d.png
./_pages/arctic-adventure-1991.njk : https://cdn.dos.zone/original/2X/8/864cd641518eff4845ed0f7e35520ea62d737677.png
./_pages/arctic-adventure-1991.njk : https://cdn.dos.zone/original/2X/8/8d11b831485ea5122df80b2a4d31d1cf979cd332.png
./_pages/passengers-on-the-wind-ii-1987.njk : https://cdn.dos.zone/original/2X/a/a492a8bdf3729b5f98867640bd3e2f5d5b1155b.png
./_pages/the-american-challenge-a-sailing-simulation-may-1986.njk : https://cdn.dos.zone/original/2X/4/45979fd8833a8f5b2995868e8d54d80e5acb13d7.gif
./_pages/the-american-challenge-a-sailing-simulation-may-1986.njk : https://cdn.dos.zone/original/2X/c/cf8347650d63edd2cbe6a55cd1895418bafb72d2.gif
./_pages/hurdles-1994.njk : https://cdn.dos.zone/original/2X/f/f59dc945ebd52e02df6e04135708b5cdc55c094.png
./_pages/aro-ii-1997.njk : https://cdn.dos.zone/original/2X/e/ea489116d9e28934dd75625c596e121f371f621.jpeg
./_pages/aro-ii-1997.njk : https://cdn.dos.zone/original/2X/9/96969b7b9be996287be9c3b312a76ad915d873a8.jpeg
./_pages/aces-of-the-deep-sep-1994.njk : https://cdn.dos.zone/original/2X/2/2ef1610b60e14cf3287c3fa6b26205baae9b9b56.gif
./_pages/aces-of-the-deep-sep-1994.njk : https://cdn.dos.zone/original/2X/6/6a5d5b79d8d14404d9b063e9db99bb841d5c34f7.gif
./_pages/tunnels-trolls-crusaders-of-khazan-1990.njk : https://cdn.dos.zone/original/2X/a/af151b2079e128dfe7390942cb3d9f20c5807b5.png
./_pages/avish-1993.njk : https://cdn.dos.zone/original/2X/f/f894b36654554643d1c83fb5b3c663ddb0e89e9c.gif
./_pages/avish-1993.njk : https://cdn.dos.zone/original/2X/2/25dbf9cf1103a9560ce501ac61471aad9015a891.gif
./_pages/adam-the-new-age-warrior-in-time-after-time-1994.njk : https://cdn.dos.zone/original/2X/9/9c69279f73438acd824b736921658e8fc665d354.png
./_pages/adam-the-new-age-warrior-in-time-after-time-1994.njk : https://cdn.dos.zone/original/2X/4/49d96b7214efb528d4bde955e0b2473d38df174a.png
./_pages/blinky-2-dec-07-1994.njk : https://cdn.dos.zone/original/2X/9/9b1726f72b1ae718bf844ce3b9371a5db29afef.png
./_pages/blinky-2-dec-07-1994.njk : https://cdn.dos.zone/original/2X/6/649bd2178b4475886589e7a6c6d4cecc90d58b.png
./_pages/star-empire-dec-1988.njk : https://cdn.dos.zone/original/2X/a/a8ce46194ed17da270ff57092bd36e87f6ad994.png
./_pages/trivia-whiz-1990.njk : https://cdn.dos.zone/original/2X/c/c7a92c5028ca14065c272561a4067a68534f084.png
./_pages/yogi-bear-visits-the-national-parks-1990.njk : https://cdn.dos.zone/original/2X/1/1cee5436cbf57083867ca61db4cdf4fb3d3a4cc.png
./_pages/the-adventure-1988.njk : https://cdn.dos.zone/original/2X/3/3cb34aa7259e872db54738109fa7af504abaeda9.png
./_pages/the-adventure-1988.njk : https://cdn.dos.zone/original/2X/a/a3ae4f1310e224b51a7ab56d2544b9af4b48a9e8.png
./_pages/tommys-space-panels-1987.njk : https://cdn.dos.zone/original/2X/d/d719043c1738069162453f66c7a8bafc6d2dba4.png
./_pages/space-school-simulator-the-academy-1987.njk : https://cdn.dos.zone/original/2X/5/520d6c1e4ec891576fadf75624e40cf9bfc9bc3.png
./_pages/the-jelly-bean-factory-nov-08-1993.njk : https://cdn.dos.zone/original/2X/a/af0eb6c39b56ac14eb63d4a1d71e30bba67d940.png
./_pages/3dworld-1994.njk : https://cdn.dos.zone/original/2X/7/7bee35234e94c6079f617028bd78868f94e822cf.png
./_pages/3dworld-1994.njk : https://cdn.dos.zone/original/2X/5/5d03902afcf38f4128dc07255947c3e098fbbb5.png
./_pages/a-question-of-sport-1988.njk : https://cdn.dos.zone/original/2X/d/d4a2f6cf2c329f134170be9ea01a6c4b1fdbe1f0.png
./_pages/a-question-of-sport-1988.njk : https://cdn.dos.zone/original/2X/f/ff928dce679bbf79458d1a688d652a8f4ed4c3de.png
./_pages/gravity-force-aug-26-2000.njk : https://cdn.dos.zone/original/2X/a/a0b11599076b043c712dc5c765b1b6cf9733dc2.png
./_pages/classic-adventure-the-original-colossal-cave-sep-15-1996.njk : https://cdn.dos.zone/original/2X/d/d5cb9a47d65a858684cd19544dc40b622ebf729.png
./_pages/dungeons-of-kroz-mar-1989.njk : https://cdn.dos.zone/original/2X/f/fa679c4538decd6a9802059ec662df39c1e97dd.gif
./_pages/patriot-command-1992.njk : https://cdn.dos.zone/original/2X/a/a0aaf9fc9175ce72cf48e5d3c60f7edd1c2bfae.png
./_pages/faceoff-oct-1989.njk : https://cdn.dos.zone/original/2X/9/923657dcca2593f5c2ea63e6dc7cf3e207a80a5.gif
./_pages/space-snake-1989.njk : https://cdn.dos.zone/original/2X/d/d7fdabdde8fd4c3912dd98706e3ecf74badde6b.png
./_pages/return-of-the-mutant-space-bats-of-doom-1995.njk : https://cdn.dos.zone/original/2X/a/aec20e7a5050b1adfa8f000dbba79bc3d683156.gif
./_pages/artillery-jul-1982.njk : https://cdn.dos.zone/original/2X/5/5e503ffffb5009de4af8d31fcd7b38453af94ab8.png
./_pages/artillery-jul-1982.njk : https://cdn.dos.zone/original/2X/3/34548a94a690fa3af7431bdf05e479d266d252d1.png
./_pages/pitfall-1984.njk : https://cdn.dos.zone/original/2X/c/c2d3dd47306b2cd0ae9ab22dbbef38e18c31521.png
./_pages/3-card-high-low-poker-1986.njk : https://cdn.dos.zone/original/2X/4/47d025f563673f4729a794039a03714a51309596.png
./_pages/3-card-high-low-poker-1986.njk : https://cdn.dos.zone/original/2X/1/114cd69bdd685446d0eeceba072ff2abdd4c45a7.png
./_pages/dr-sleeptite-and-the-nightmare-factory-1988.njk : https://cdn.dos.zone/original/2X/c/ce6a71b09effa3104a8b536361dfe94afb6ca8d.png
./_pages/carriers-at-war-ii-1993.njk : https://cdn.dos.zone/original/2X/7/7fa2bb44b227e03cffd1c96af45c451752f59ab.gif
./_pages/3d-pitfall-1995.njk : https://cdn.dos.zone/original/2X/7/7c73e84953d3f6b92db0acbc95cf0525fc45fb46.gif
./_pages/3d-pitfall-1995.njk : https://cdn.dos.zone/original/2X/1/1b710602d9b7b5ed4d6a081e5c11ab0cdc31ab44.gif
./_pages/2x2-1995.njk : https://cdn.dos.zone/original/2X/1/19a2b33a4ae2e7692d5855a4e67b6c31b7092474.png
./_pages/2x2-1995.njk : https://cdn.dos.zone/original/2X/9/95564ef8f2ccb1b647ce18198f2fbbfd483b2d9.png
./_pages/action-stations-1991.njk : https://cdn.dos.zone/original/2X/a/a0a1f964868aa5bf45e9a11665d863a301f3ae82.png
./_pages/action-stations-1991.njk : https://cdn.dos.zone/original/2X/a/a565a7188a2d801cf88d6e4885060e01205201ce.png
./_pages/tug-a-war-apr-1986.njk : https://cdn.dos.zone/original/2X/1/1c1992e565b0f011b1c427577665b55ca6f68a2.png
./_pages/pc-futbol-3-0-1994.njk : https://cdn.dos.zone/original/2X/3/3c21176140f5bd67131289f7ae7e65157c8d894.png
./_pages/space-quest-chapter-i-the-sarien-encounter-oct-1986.njk : https://cdn.dos.zone/original/2X/d/dd0a7162270e8225467c29b731af7c8f9252b6bf.gif
./_pages/16-1996.njk : https://cdn.dos.zone/original/2X/5/58659a46f352dc41db8fd2aa9ec0bc0d335a8203.png
./_pages/16-1996.njk : https://cdn.dos.zone/original/2X/b/b7779e394bb0378fddca35e631c53d59ae952640.png
./_pages/skaut-kwatermaster-jul-31-1995.njk : https://cdn.dos.zone/original/2X/6/62771658b3e0afa288e00c59e8492b3838a425e.png
./_pages/the-adventures-of-maddog-williams-in-the-dungeons-of-duridian-1992.njk : https://cdn.dos.zone/original/2X/3/345fc1d05a59d43b1e68ea674b8046a07034ee2b.gif
./_pages/the-adventures-of-maddog-williams-in-the-dungeons-of-duridian-1992.njk : https://cdn.dos.zone/original/2X/7/7a81702be6eb079ea41e40b7b5b970a828e025e3.gif
./_pages/neohunter-1996.njk : https://cdn.dos.zone/original/2X/e/e43f2edc93d5f8f7840c818924144d589c04164.png
./_pages/archeodroid-jun-1985.njk : https://cdn.dos.zone/original/2X/d/de6495a6c4dc8f893aa30e228de0e13a4c259451.png
./_pages/archeodroid-jun-1985.njk : https://cdn.dos.zone/original/2X/c/c87fba2354af174733e203c760eb5f5ef0a387b2.png
./_pages/microsoft-flight-simulator-v3-0-1988.njk : https://cdn.dos.zone/original/2X/d/d4e27565b799f040a03828f97420221150fab45.gif
./_pages/volfied-1991.njk : https://cdn.dos.zone/original/2X/4/44c3dc3dc5935d0dc7c2a4ac27b6763f47173c1.gif
./_pages/terminal-terror-1994.njk : https://cdn.dos.zone/original/2X/2/283d798b5a7d70ac48c5755a340074c3aecc65b.png
./_pages/007-james-bond-the-stealth-affair-1990.njk : https://cdn.dos.zone/original/2X/a/a34dda234fe183c28174fc952e22ae304e799843.png
./_pages/007-james-bond-the-stealth-affair-1990.njk : https://cdn.dos.zone/original/2X/4/45c3b7d4eb0a257d933eb9437e19210bd440ba2.png
./_pages/castle-adventure-1984.njk : https://cdn.dos.zone/original/2X/e/ead9d732d68d64180011f5cc56fa743f91402a9.png
./_pages/boulder-star-1991.njk : https://cdn.dos.zone/original/2X/2/2fb6eaea33368fde38fa4f231492b5abbb75975.png
./_pages/maximus-1988.njk : https://cdn.dos.zone/original/2X/6/66a8e3bc29b53d09a1b55e48c013995b66a168c.png
./_pages/national-lampoons-chess-maniac-5-billion-and-1-1993.njk : https://cdn.dos.zone/original/2X/e/e2158fcb6ddfaae1192632047af221848405dca.png
./_pages/fun-school-4-for-7-to-11-year-olds-1992.njk : https://cdn.dos.zone/original/2X/3/3076b39387514ba517b245ad01f6059b5a289ae.png
./_pages/the-15-puzzle-1982.njk : https://cdn.dos.zone/original/2X/4/42149ca0f8bfb7108eeff46f99c3325a99a3009e.png
./_pages/the-15-puzzle-1982.njk : https://cdn.dos.zone/original/2X/d/ddd0e9a66390c9bb691e6917aae9892c4253f4b4.png
./_pages/the-awe-chasm-1991.njk : https://cdn.dos.zone/original/2X/8/810cb62e2e1bba58cd104ddf8069471965cb00d7.png
./_pages/the-awe-chasm-1991.njk : https://cdn.dos.zone/original/2X/e/e9025e8ce49a2138b6ddd2ffc3b9730362b91108.png
./_pages/acquire-feb-1988.njk : https://cdn.dos.zone/original/2X/9/94e5f14c272928a01c236a45f5238eaeb173ba06.png
./_pages/acquire-feb-1988.njk : https://cdn.dos.zone/original/2X/e/e1c141466ae905b388387afc30d97d537585e4d.png
./_pages/r-s-a-darts-1993.njk : https://cdn.dos.zone/original/2X/5/50be579e8174b2e1510f3c5d8967d7ed75e7591.png
./_pages/tomtris-jul-19-1997.njk : https://cdn.dos.zone/original/2X/d/d3fb66f58bd49fc262ef5dd6482dda8d11f1363.png
./_pages/tomtris-jul-19-1997.njk : https://cdn.dos.zone/original/2X/9/967b76c1143cafd50ca78e4a2357cfa24226be9.png
./_pages/defender-1992.njk : https://cdn.dos.zone/original/2X/9/989e25482aea271f31df38106c21f29523f229.png
./_pages/olmang-jolmang-paradise-sep-02-1995.njk : https://cdn.dos.zone/original/2X/5/59185dae3159c8f33e8c74b4816d0a4796efffb.png
./_pages/bowling-champ-aug-1984.njk : https://cdn.dos.zone/original/2X/1/137ff8ef5e193107397cec5b97d9246c46e00c0.png
./_pages/another-pool-may-26-1995.njk : https://cdn.dos.zone/original/2X/8/82656393269e849ff862565b82479fe4228390eb.jpeg
./_pages/another-pool-may-26-1995.njk : https://cdn.dos.zone/original/2X/1/13d08104eae4cab65da73895a20efc54587d28d1.jpeg
./_pages/breach-1987.njk : https://cdn.dos.zone/original/2X/c/c19773c245481d1c7dc9e54a34e3bb7341cda05.png
./_pages/a-mis-adventure-1993.njk : https://cdn.dos.zone/original/2X/9/9758c33271dbe791114671cc91e6eac414463524.png
./_pages/a-mis-adventure-1993.njk : https://cdn.dos.zone/original/2X/1/1f8864cee6a6981719e8fca43519b6c70e72119d.png
./_pages/doublelink-jan-19-1991.njk : https://cdn.dos.zone/original/2X/3/36af4d9da0e2254dd9a07d39e7060a03321c1f1.png
./_pages/pako-2-1995.njk : https://cdn.dos.zone/original/2X/f/fde6eb237030bd3b58f3f9e86e3adfc786bad49.png
./_pages/b-17-flying-fortress-1992.njk : https://cdn.dos.zone/original/2X/1/10f5e085fd93c4992ea93ca6d082bf1e2e498b4d.png
./_pages/b-17-flying-fortress-1992.njk : https://cdn.dos.zone/original/2X/4/4a02ce83b037761eb934d67cad649937300d9ab5.png
./_pages/4-queens-computer-casino-1992.njk : https://cdn.dos.zone/original/2X/4/4a9a1e3975b264ce37ab95c5e979dd738a449f26.png
./_pages/4-queens-computer-casino-1992.njk : https://cdn.dos.zone/original/2X/b/bf05bace1ba0ea2667ca483bb594a0b953ca5ce0.png
./_pages/objection-1992.njk : https://cdn.dos.zone/original/2X/e/e6f15a65b7ca85231ec0df0294ba59d2f7672d4.png
./_pages/omega-aug-1989.njk : https://cdn.dos.zone/original/2X/e/ed6f1f36cae858cc8a59a60c3c1f1aa195dacb9.png
./_pages/fisher-price-i-can-remember-1989.njk : https://cdn.dos.zone/original/2X/9/98c04a8ba864e4f4cc7415e7587f3d30e55ede2.png
./_pages/oxyd-magnum-1993.njk : https://cdn.dos.zone/original/2X/1/104507bd73f933f9f8d420ac8934f9ef0e0237c.png
./_pages/ace-1994.njk : https://cdn.dos.zone/original/2X/2/224d1525b331f0833c4c513079163419882ab0be.png
./_pages/ace-1994.njk : https://cdn.dos.zone/original/2X/1/14b67b4d75089bf6c9a2feb75b6c1281ec2e02af.png
./_pages/flynn-sprint-1996.njk : https://cdn.dos.zone/original/2X/1/15b4dea8c7759498337a8a5e464eb6d95540c4c.png
./_pages/worm-burner-oct-1987.njk : https://cdn.dos.zone/original/2X/1/1f4b19efe0ae2a6b5bb8f556afec621cc0a2da1.png
./_pages/centerfold-squares-1988.njk : https://cdn.dos.zone/original/2X/6/67a748389b6fdd0f508abfa20b6e46d7f467823.gif
./_pages/ancients-1-death-watch-1991.njk : https://cdn.dos.zone/original/2X/3/3b047bba4491f1cc995896db66b1755d930c59f5.gif
./_pages/ancients-1-death-watch-1991.njk : https://cdn.dos.zone/original/2X/2/223a1aa6a47ffc0437a02fb8e74d7ba194232dfe.png
./_pages/1830-railroads-robber-barons-1995.njk : https://cdn.dos.zone/original/2X/a/a7ba0eb3ae9f1d2cea6f4bc98d17549a847ca951.png
./_pages/1830-railroads-robber-barons-1995.njk : https://cdn.dos.zone/original/2X/d/d9e06a027a3076082465d56a42af5998d5b58fff.gif
./_pages/alcatraz-1992.njk : https://cdn.dos.zone/original/2X/9/9d8ec8130b393dbeaf0025056abfefadbe14ceac.png
./_pages/alcatraz-1992.njk : https://cdn.dos.zone/original/2X/7/7433efeecd15c4a142e2830ec90318b1584f122f.png
./_pages/ambush-at-sorinor-apr-15-1993.njk : https://cdn.dos.zone/original/2X/b/b4811c5b45d2edd6cebc6d08abcfa2c8947707b6.png
./_pages/ambush-at-sorinor-apr-15-1993.njk : https://cdn.dos.zone/original/2X/c/c9038b4c55be3360a09f15beac4013af63d9adaf.png
./_pages/jigsaw-1989.njk : https://cdn.dos.zone/original/2X/a/a8bac522359003dc4cacc1a393e6d8be103fca1.png
./_pages/thunder-zone-1994.njk : https://cdn.dos.zone/original/2X/a/a4394074f9597545fa23288d14d56c49395e7ae.png
./_pages/adventure-in-the-magic-land-1989.njk : https://cdn.dos.zone/original/2X/8/81a60c3a468be61092e301fe7b433b6ca44d9ed8.png
./_pages/adventure-in-the-magic-land-1989.njk : https://cdn.dos.zone/original/2X/2/29f3f7961f71de551ec8897d4de6841a98cfbcf6.png
./_pages/speedway-manager-96-1996.njk : https://cdn.dos.zone/original/2X/7/7d2a7705ac6451852381e31ad98386fc3b0d0de.png
./_pages/space-adventure-1992.njk : https://cdn.dos.zone/original/2X/8/8a48be22eb3e27c435fbaf148e8b193e6d34f3b.png
./_pages/code-europe-1993.njk : https://cdn.dos.zone/original/2X/8/881b3a9e89278acbbbc791749a817f817b999bb.png
./_pages/artmans-goplanes-1997.njk : https://cdn.dos.zone/original/2X/e/eb3baa3cad62e8ff17f0afcc631c9aec61684c47.png
./_pages/artmans-goplanes-1997.njk : https://cdn.dos.zone/original/2X/4/4823d09d64b8a8535779aff7a7c28abfdf0f3f7c.png
./_pages/space-battles-1987.njk : https://cdn.dos.zone/original/2X/1/19a284bc2fdbfcf5169ab4175dd93ee199c47ce.gif
./_pages/the-adventures-of-dianalee-in-the-lost-temple-of-the-aztecs-1994.njk : https://cdn.dos.zone/original/2X/c/c41967471917445354a2d7a0393c97a1f4a67070.png
./_pages/the-adventures-of-dianalee-in-the-lost-temple-of-the-aztecs-1994.njk : https://cdn.dos.zone/original/2X/2/2ce8b09944de15122bb089d6039825f561470aa2.png
./_pages/budget-baseball-1990.njk : https://cdn.dos.zone/original/2X/4/403b7edac25cd095294ecbb28b2ae2a71004a49.png
./_pages/air-attack-1988.njk : https://cdn.dos.zone/original/2X/9/9baa04d7d258709fac32db863d07a6bad5d7c756.png
./_pages/air-attack-1988.njk : https://cdn.dos.zone/original/2X/2/23a134d90c9d208e25e37a3f69d07ab47900321f.png
./_pages/kingdom-of-kroz-jun-1988.njk : https://cdn.dos.zone/original/2X/5/555896336b679feb135ba643ea749ff84d5981f.gif
./_pages/frontline-1990.njk : https://cdn.dos.zone/original/2X/2/270d7f21f324bd65b04c633dc556034f9395c46.png
